<?xml version="1.0" encoding="UTF-8"?>
<!-- Generated by org.testng.reporters.JUnitReportReporter -->
<testsuite skipped="0" hostname="Lakshmareddy" name="com.haltungcrm.action.ValidLoginTest" tests="1" failures="0" timestamp="2021-06-01T16:51:20 IST" time="1.153" errors="0">
  <testcase name="loginToApp" time="1.153" classname="com.haltungcrm.action.ValidLoginTest"/>
  <system-out>
loginToApp Started  Home Page is Displayed loginToApp Passed  </system-out>
</testsuite> <!-- com.haltungcrm.action.ValidLoginTest -->
