<?xml version="1.0" encoding="UTF-8"?>
<!-- Generated by org.testng.reporters.JUnitReportReporter -->
<testsuite skipped="0" hostname="Lakshmareddy" name="com.haltungcrm.action.VerifyEditButton" tests="1" failures="0" timestamp="2021-06-01T14:19:21 IST" time="3.921" errors="0">
  <testcase name="VerifyEditButtonTest" time="3.921" classname="com.haltungcrm.action.VerifyEditButton"/>
  <system-out>
VerifyEditButtonTest Started Home Page is Displayed Custom View Page is Displayed Campaign View Page is Displayed VerifyEditButtonTest Passed  </system-out>
</testsuite> <!-- com.haltungcrm.action.VerifyEditButton -->
