<?xml version="1.0" encoding="UTF-8"?>
<!-- Generated by org.testng.reporters.JUnitReportReporter -->
<testsuite skipped="0" hostname="Lakshmareddy" name="com.haltungcrm.action.VerifyEditButton" tests="1" failures="0" timestamp="2021-06-07T12:34:48 IST" time="5.713" errors="0">
  <testcase name="VerifyEditButtonTest" time="5.713" classname="com.haltungcrm.action.VerifyEditButton"/>
  <system-out>
VerifyEditButtonTestStarted Home Page is Displayed Displaying Custom View Details is Displayed Create Campaign Page is Displayed  </system-out>
</testsuite> <!-- com.haltungcrm.action.VerifyEditButton -->
