<?xml version="1.0" encoding="UTF-8"?>
<!-- Generated by org.testng.reporters.JUnitReportReporter -->
<testsuite skipped="0" hostname="Lakshmareddy" name="com.haltungcrm.action.VerifyCampaignCreation" tests="1" failures="0" timestamp="2021-05-31T14:38:03 IST" time="12.321" errors="0">
  <testcase name="verifyCampaignTest" time="12.321" classname="com.haltungcrm.action.VerifyCampaignCreation"/>
  <system-out>
verifyCampaignTest Started  Home Page is Displayed Custom View Page is Displayed Create Campaign Page is Displayed our campaign is created verifyCampaignTest Passed  </system-out>
</testsuite> <!-- com.haltungcrm.action.VerifyCampaignCreation -->
