<?xml version="1.0" encoding="UTF-8"?>
<!-- Generated by org.testng.reporters.JUnitReportReporter -->
<testsuite skipped="0" hostname="Lakshmareddy" name="com.haltungcrm.action.VerifyDeleteButton" tests="1" failures="0" timestamp="2021-06-03T13:28:14 IST" time="1.894" errors="0">
  <testcase name="VerifyDeleteButtonTest" time="1.894" classname="com.haltungcrm.action.VerifyDeleteButton"/>
  <system-out>
VerifyDeleteButtonTest Started HomePage is Displayed Custom View Page is Displayed Campaign View Page is Displayed VerifyDeleteButtonTest Passed  </system-out>
</testsuite> <!-- com.haltungcrm.action.VerifyDeleteButton -->
