<?xml version="1.0" encoding="UTF-8"?>
<!-- Generated by org.testng.reporters.JUnitReportReporter -->
<testsuite skipped="0" hostname="Lakshmareddy" name="com.haltungcrm.genericlib.CustomReports" tests="1" failures="0" timestamp="2021-06-03T11:59:25 IST" time="1.189" errors="0">
  <testcase name="runReports" time="1.189" classname="com.haltungcrm.genericlib.CustomReports"/>
  <system-out/>
</testsuite> <!-- com.haltungcrm.genericlib.CustomReports -->
