<?xml version="1.0" encoding="UTF-8"?>
<!-- Generated by org.testng.reporters.JUnitReportReporter -->
<testsuite skipped="0" hostname="Lakshmareddy" name="com.haltungcrm.action.VerifyCampaignCreation" tests="1" failures="0" timestamp="2021-06-07T00:46:33 IST" time="13.905" errors="0">
  <testcase name="verifyCampaignTest" time="13.905" classname="com.haltungcrm.action.VerifyCampaignCreation"/>
  <system-out>
verifyCampaignTestStarted  Home Page is Displayed Custom View Page is Displayed Create Campaign Page is Displayed  </system-out>
</testsuite> <!-- com.haltungcrm.action.VerifyCampaignCreation -->
