<?xml version="1.0" encoding="UTF-8"?>
<!-- Generated by org.testng.reporters.JUnitReportReporter -->
<testsuite skipped="0" hostname="Lakshmareddy" name="com.haltungcrm.action.VerifyActionEdit" tests="1" failures="0" timestamp="2021-05-31T17:16:56 IST" time="3.819" errors="0">
  <testcase name="VerifyActionEdit" time="3.819" classname="com.haltungcrm.action.VerifyActionEdit"/>
  <system-out>
VerifyActionEdit Started Home Page is Displayed Custom View Page is Displayed Campaign View Page is Displayed VerifyActionEdit Passed  </system-out>
</testsuite> <!-- com.haltungcrm.action.VerifyActionEdit -->
