<?xml version="1.0" encoding="UTF-8"?>
<!-- Generated by org.testng.reporters.JUnitReportReporter -->
<testsuite skipped="0" hostname="Lakshmareddy" name="com.haltungcrm.action.VerifyCampaignCreation" tests="1" failures="0" timestamp="2021-06-01T16:51:20 IST" time="21.149" errors="0">
  <testcase name="verifyCampaignTest" time="21.149" classname="com.haltungcrm.action.VerifyCampaignCreation"/>
  <system-out>
verifyCampaignTest Started  Home Page is Displayed Custom View Page is Displayed Create Campaign Page is Displayed verifyCampaignTest Passed  </system-out>
</testsuite> <!-- com.haltungcrm.action.VerifyCampaignCreation -->
