<?xml version="1.0" encoding="UTF-8"?>
<!-- Generated by org.testng.reporters.JUnitReportReporter -->
<testsuite skipped="0" hostname="Lakshmareddy" name="com.haltungcrm.action.VerifyEditButton" tests="1" failures="0" timestamp="2021-06-01T12:37:41 IST" time="13.211" errors="0">
  <testcase name="VerifyEditButton" time="13.211" classname="com.haltungcrm.action.VerifyEditButton"/>
  <system-out>
VerifyEditButton Started Home Page is Displayed Custom View Page is Displayed Campaign View Page is Displayed VerifyEditButton Passed  </system-out>
</testsuite> <!-- com.haltungcrm.action.VerifyEditButton -->
