<?xml version="1.0" encoding="UTF-8"?>
<!-- Generated by org.testng.reporters.JUnitReportReporter -->
<testsuite skipped="0" hostname="Lakshmareddy" name="com.haltungcrm.action.Demo" tests="1" failures="0" timestamp="2021-05-29T23:03:43 IST" time="0.008" errors="0">
  <testcase name="run" time="0.008" classname="com.haltungcrm.action.Demo"/>
</testsuite> <!-- com.haltungcrm.action.Demo -->
