<?xml version="1.0" encoding="UTF-8"?>
<!-- Generated by org.testng.reporters.JUnitReportReporter -->
<testsuite skipped="0" hostname="Lakshmareddy" name="com.haltungcrm.action.CreateProjectTest" tests="1" failures="0" timestamp="2021-05-31T14:20:54 IST" time="0.002" errors="0">
  <testcase name="run" time="0.002" classname="com.haltungcrm.action.CreateProjectTest"/>
  <system-out>
run Started CreateProjectTest Tests Running Successfully run Passed  </system-out>
</testsuite> <!-- com.haltungcrm.action.CreateProjectTest -->
