<?xml version="1.0" encoding="UTF-8"?>
<!-- Generated by org.testng.reporters.JUnitReportReporter -->
<testsuite skipped="0" hostname="Lakshmareddy" name="com.haltungcrm.action.VerifyDeleteButton" tests="1" failures="0" timestamp="2021-06-07T12:27:59 IST" time="6.742" errors="0">
  <testcase name="VerifyDeleteButtonTest" time="6.742" classname="com.haltungcrm.action.VerifyDeleteButton"/>
  <system-out>
VerifyDeleteButtonTestStarted Home Page is Displayed Displaying Custom View Details is Displayed Create Campaign Page is Displayed  </system-out>
</testsuite> <!-- com.haltungcrm.action.VerifyDeleteButton -->
